Determining if the pthread_create exist failed with the following output:
Change Dir: /home/redsphinx/Projects/APC1/streetSoccerModule/build-naoqi-sdk/CMakeFiles/CMakeTmp

Run Build Command:/usr/bin/make "cmTryCompileExec3638080823/fast"
/usr/bin/make -f CMakeFiles/cmTryCompileExec3638080823.dir/build.make CMakeFiles/cmTryCompileExec3638080823.dir/build
make[1]: Entering directory `/home/redsphinx/Projects/APC1/streetSoccerModule/build-naoqi-sdk/CMakeFiles/CMakeTmp'
/usr/bin/cmake -E cmake_progress_report /home/redsphinx/Projects/APC1/streetSoccerModule/build-naoqi-sdk/CMakeFiles/CMakeTmp/CMakeFiles 1
Building C object CMakeFiles/cmTryCompileExec3638080823.dir/CheckSymbolExists.c.o
/usr/bin/cc    -o CMakeFiles/cmTryCompileExec3638080823.dir/CheckSymbolExists.c.o   -c /home/redsphinx/Projects/APC1/streetSoccerModule/build-naoqi-sdk/CMakeFiles/CMakeTmp/CheckSymbolExists.c
Linking C executable cmTryCompileExec3638080823
/usr/bin/cmake -E cmake_link_script CMakeFiles/cmTryCompileExec3638080823.dir/link.txt --verbose=1
/usr/bin/cc       CMakeFiles/cmTryCompileExec3638080823.dir/CheckSymbolExists.c.o  -o cmTryCompileExec3638080823 -rdynamic 
CMakeFiles/cmTryCompileExec3638080823.dir/CheckSymbolExists.c.o: In function `main':
CheckSymbolExists.c:(.text+0x16): undefined reference to `pthread_create'
collect2: error: ld returned 1 exit status
make[1]: Leaving directory `/home/redsphinx/Projects/APC1/streetSoccerModule/build-naoqi-sdk/CMakeFiles/CMakeTmp'
make[1]: *** [cmTryCompileExec3638080823] Error 1
make: *** [cmTryCompileExec3638080823/fast] Error 2

File /home/redsphinx/Projects/APC1/streetSoccerModule/build-naoqi-sdk/CMakeFiles/CMakeTmp/CheckSymbolExists.c:
/* */
#include <pthread.h>

int main(int argc, char** argv)
{
  (void)argv;
#ifndef pthread_create
  return ((int*)(&pthread_create))[argc];
#else
  (void)argc;
  return 0;
#endif
}

Determining if the function pthread_create exists in the pthreads failed with the following output:
Change Dir: /home/redsphinx/Projects/APC1/streetSoccerModule/build-naoqi-sdk/CMakeFiles/CMakeTmp

Run Build Command:/usr/bin/make "cmTryCompileExec3152288591/fast"
/usr/bin/make -f CMakeFiles/cmTryCompileExec3152288591.dir/build.make CMakeFiles/cmTryCompileExec3152288591.dir/build
make[1]: Entering directory `/home/redsphinx/Projects/APC1/streetSoccerModule/build-naoqi-sdk/CMakeFiles/CMakeTmp'
/usr/bin/cmake -E cmake_progress_report /home/redsphinx/Projects/APC1/streetSoccerModule/build-naoqi-sdk/CMakeFiles/CMakeTmp/CMakeFiles 1
Building C object CMakeFiles/cmTryCompileExec3152288591.dir/CheckFunctionExists.c.o
/usr/bin/cc   -DCHECK_FUNCTION_EXISTS=pthread_create   -o CMakeFiles/cmTryCompileExec3152288591.dir/CheckFunctionExists.c.o   -c /usr/share/cmake-2.8/Modules/CheckFunctionExists.c
Linking C executable cmTryCompileExec3152288591
/usr/bin/cmake -E cmake_link_script CMakeFiles/cmTryCompileExec3152288591.dir/link.txt --verbose=1
/usr/bin/cc   -DCHECK_FUNCTION_EXISTS=pthread_create    CMakeFiles/cmTryCompileExec3152288591.dir/CheckFunctionExists.c.o  -o cmTryCompileExec3152288591 -rdynamic -lpthreads 
/usr/bin/ld: cannot find -lpthreads
collect2: error: ld returned 1 exit status
make[1]: Leaving directory `/home/redsphinx/Projects/APC1/streetSoccerModule/build-naoqi-sdk/CMakeFiles/CMakeTmp'
make[1]: *** [cmTryCompileExec3152288591] Error 1
make: *** [cmTryCompileExec3152288591/fast] Error 2


